<?xml version="1.0" encoding="UTF-8"?>
<testsuite name="Table of Contents – presence check" tests="1" skipped="0" failures="1" errors="0" timestamp="2025-09-12T14:43:09.990Z" hostname="AURAKAI" time="0.002">
  <properties/>
  <testcase name="README contains exactly one ToC section()" classname="docs.MarkdownFileValidationAdvancedTest$TableOfContentsPresence" time="0.002">
    <failure message="org.opentest4j.AssertionFailedError: Expected exactly one '## &#x1f4cb; Table of Contents' section ==&gt; expected: &lt;1&gt; but was: &lt;0&gt;" type="org.opentest4j.AssertionFailedError">org.opentest4j.AssertionFailedError: Expected exactly one '## &#x1f4cb; Table of Contents' section ==&gt; expected: &lt;1&gt; but was: &lt;0&gt;
	at org.junit.jupiter.api.AssertionFailureBuilder.build(AssertionFailureBuilder.java:151)
	at org.junit.jupiter.api.AssertionFailureBuilder.buildAndThrow(AssertionFailureBuilder.java:132)
	at org.junit.jupiter.api.AssertEquals.failNotEqual(AssertEquals.java:197)
	at org.junit.jupiter.api.AssertEquals.assertEquals(AssertEquals.java:150)
	at org.junit.jupiter.api.Assertions.assertEquals(Assertions.java:563)
	at docs.MarkdownFileValidationAdvancedTest$TableOfContentsPresence.README contains exactly one ToC section(MarkdownFileValidationAdvancedTest.kt:499)
	at java.lang.reflect.Method.invoke(Method.java:498)
	at java.util.ArrayList.forEach(ArrayList.java:1259)
	at java.util.ArrayList.forEach(ArrayList.java:1259)
	at java.util.ArrayList.forEach(ArrayList.java:1259)
</failure>
  </testcase>
  <system-out><![CDATA[]]></system-out>
  <system-err><![CDATA[]]></system-err>
</testsuite>
