<?xml version="1.0" encoding="UTF-8"?>
<testsuite name="Build tooling and licensing – extended" tests="3" skipped="0" failures="0" errors="0" timestamp="2025-09-12T18:50:08.570Z" hostname="AURAKAI" time="0.004">
  <properties/>
  <testcase name="apache 2 license badge matches LICENSE content()" classname="docs.MarkdownFileValidationAdvancedTest$BuildAndLicenseExtended" time="0.0"/>
  <testcase name="maven wrapper files exist when referenced by README()" classname="docs.MarkdownFileValidationAdvancedTest$BuildAndLicenseExtended" time="0.0"/>
  <testcase name="contributing section present when CONTRIBUTING file exists()" classname="docs.MarkdownFileValidationAdvancedTest$BuildAndLicenseExtended" time="0.003"/>
  <system-out><![CDATA[]]></system-out>
  <system-err><![CDATA[]]></system-err>
</testsuite>
