<?xml version="1.0" encoding="UTF-8"?>
<testsuite name="Headers – uniqueness and structure" tests="2" skipped="0" failures="1" errors="0" timestamp="2025-09-12T18:50:08.337Z" hostname="AURAKAI" time="0.062">
  <properties/>
  <testcase name="h2 header slugs are unique()" classname="docs.MarkdownFileValidationAdvancedSupplementalEdgeCasesTest$Headers" time="0.055"/>
  <testcase name="has a single H1 header at top()" classname="docs.MarkdownFileValidationAdvancedSupplementalEdgeCasesTest$Headers" time="0.006">
    <failure message="org.opentest4j.AssertionFailedError: README should contain exactly one H1 header ==&gt; expected: &lt;1&gt; but was: &lt;44&gt;" type="org.opentest4j.AssertionFailedError">org.opentest4j.AssertionFailedError: README should contain exactly one H1 header ==&gt; expected: &lt;1&gt; but was: &lt;44&gt;
	at org.junit.jupiter.api.AssertionFailureBuilder.build(AssertionFailureBuilder.java:151)
	at org.junit.jupiter.api.AssertionFailureBuilder.buildAndThrow(AssertionFailureBuilder.java:132)
	at org.junit.jupiter.api.AssertEquals.failNotEqual(AssertEquals.java:197)
	at org.junit.jupiter.api.AssertEquals.assertEquals(AssertEquals.java:150)
	at org.junit.jupiter.api.Assertions.assertEquals(Assertions.java:563)
	at docs.MarkdownFileValidationAdvancedSupplementalEdgeCasesTest$Headers.has a single H1 header at top(MarkdownFileValidationAdvancedSupplementalEdgeCasesTest.kt:80)
	at java.lang.reflect.Method.invoke(Method.java:498)
	at java.util.ArrayList.forEach(ArrayList.java:1259)
	at java.util.ArrayList.forEach(ArrayList.java:1259)
	at java.util.ArrayList.forEach(ArrayList.java:1259)
</failure>
  </testcase>
  <system-out><![CDATA[]]></system-out>
  <system-err><![CDATA[]]></system-err>
</testsuite>
