<?xml version="1.0" encoding="UTF-8"?>
<testsuite name="Build tooling and licensing – supplemental" tests="2" skipped="0" failures="0" errors="0" timestamp="2025-09-12T14:43:09.740Z" hostname="AURAKAI" time="0.016">
  <properties/>
  <testcase name="license file exists when License section present()" classname="docs.MarkdownFileValidationAdvancedSupplementalTest$BuildAndLicenseSupplemental" time="0.012"/>
  <testcase name="apache 2 license badge matches LICENSE content()" classname="docs.MarkdownFileValidationAdvancedSupplementalTest$BuildAndLicenseSupplemental" time="0.003"/>
  <system-out><![CDATA[]]></system-out>
  <system-err><![CDATA[]]></system-err>
</testsuite>
