<?xml version="1.0" encoding="UTF-8"?>
<testsuite name="README structure and style" tests="4" skipped="0" failures="3" errors="0" timestamp="2025-09-12T14:43:09.955Z" hostname="AURAKAI" time="0.02">
  <properties/>
  <testcase name="README has a License section when LICENSE file exists()" classname="docs.MarkdownFileValidationAdvancedTest$ReadmeStructureAndStyle" time="0.006">
    <failure message="org.opentest4j.AssertionFailedError: Expected a '## License' section in README when LICENSE file exists ==&gt; expected: &lt;true&gt; but was: &lt;false&gt;" type="org.opentest4j.AssertionFailedError">org.opentest4j.AssertionFailedError: Expected a '## License' section in README when LICENSE file exists ==&gt; expected: &lt;true&gt; but was: &lt;false&gt;
	at org.junit.jupiter.api.AssertionFailureBuilder.build(AssertionFailureBuilder.java:151)
	at org.junit.jupiter.api.AssertionFailureBuilder.buildAndThrow(AssertionFailureBuilder.java:132)
	at org.junit.jupiter.api.AssertTrue.failNotTrue(AssertTrue.java:63)
	at org.junit.jupiter.api.AssertTrue.assertTrue(AssertTrue.java:36)
	at org.junit.jupiter.api.Assertions.assertTrue(Assertions.java:214)
	at docs.MarkdownFileValidationAdvancedTest$ReadmeStructureAndStyle.README has a License section when LICENSE file exists(MarkdownFileValidationAdvancedTest.kt:166)
	at java.lang.reflect.Method.invoke(Method.java:498)
	at java.util.ArrayList.forEach(ArrayList.java:1259)
	at java.util.ArrayList.forEach(ArrayList.java:1259)
	at java.util.ArrayList.forEach(ArrayList.java:1259)
</failure>
  </testcase>
  <testcase name="no trailing whitespace on any line()" classname="docs.MarkdownFileValidationAdvancedTest$ReadmeStructureAndStyle" time="0.005">
    <failure message="org.opentest4j.AssertionFailedError: Trailing whitespace at lines: [22, 40, 47, 73, 80, 101, 124, 141, 181, 190, 193, 194, 202, 205, 244, 261, 279, 294, 321, 340, 356, 374, 380, 421, 434, 439, 462, 486, 510, 541, 560] ==&gt; expected: &lt;true&gt; but was: &lt;false&gt;" type="org.opentest4j.AssertionFailedError">org.opentest4j.AssertionFailedError: Trailing whitespace at lines: [22, 40, 47, 73, 80, 101, 124, 141, 181, 190, 193, 194, 202, 205, 244, 261, 279, 294, 321, 340, 356, 374, 380, 421, 434, 439, 462, 486, 510, 541, 560] ==&gt; expected: &lt;true&gt; but was: &lt;false&gt;
	at org.junit.jupiter.api.AssertionFailureBuilder.build(AssertionFailureBuilder.java:151)
	at org.junit.jupiter.api.AssertionFailureBuilder.buildAndThrow(AssertionFailureBuilder.java:132)
	at org.junit.jupiter.api.AssertTrue.failNotTrue(AssertTrue.java:63)
	at org.junit.jupiter.api.AssertTrue.assertTrue(AssertTrue.java:36)
	at org.junit.jupiter.api.Assertions.assertTrue(Assertions.java:214)
	at docs.MarkdownFileValidationAdvancedTest$ReadmeStructureAndStyle.no trailing whitespace on any line(MarkdownFileValidationAdvancedTest.kt:134)
	at java.lang.reflect.Method.invoke(Method.java:498)
	at java.util.ArrayList.forEach(ArrayList.java:1259)
	at java.util.ArrayList.forEach(ArrayList.java:1259)
	at java.util.ArrayList.forEach(ArrayList.java:1259)
</failure>
  </testcase>
  <testcase name="prefer HTTPS for external links()" classname="docs.MarkdownFileValidationAdvancedTest$ReadmeStructureAndStyle" time="0.004"/>
  <testcase name="has a single H1 title()" classname="docs.MarkdownFileValidationAdvancedTest$ReadmeStructureAndStyle" time="0.002">
    <failure message="org.opentest4j.AssertionFailedError: README should contain exactly one top-level '# ' title ==&gt; expected: &lt;1&gt; but was: &lt;44&gt;" type="org.opentest4j.AssertionFailedError">org.opentest4j.AssertionFailedError: README should contain exactly one top-level '# ' title ==&gt; expected: &lt;1&gt; but was: &lt;44&gt;
	at org.junit.jupiter.api.AssertionFailureBuilder.build(AssertionFailureBuilder.java:151)
	at org.junit.jupiter.api.AssertionFailureBuilder.buildAndThrow(AssertionFailureBuilder.java:132)
	at org.junit.jupiter.api.AssertEquals.failNotEqual(AssertEquals.java:197)
	at org.junit.jupiter.api.AssertEquals.assertEquals(AssertEquals.java:150)
	at org.junit.jupiter.api.Assertions.assertEquals(Assertions.java:563)
	at docs.MarkdownFileValidationAdvancedTest$ReadmeStructureAndStyle.has a single H1 title(MarkdownFileValidationAdvancedTest.kt:125)
	at java.lang.reflect.Method.invoke(Method.java:498)
	at java.util.ArrayList.forEach(ArrayList.java:1259)
	at java.util.ArrayList.forEach(ArrayList.java:1259)
	at java.util.ArrayList.forEach(ArrayList.java:1259)
</failure>
  </testcase>
  <system-out><![CDATA[]]></system-out>
  <system-err><![CDATA[]]></system-err>
</testsuite>
