<?xml version="1.0" encoding="UTF-8"?>
<testsuite name="Images and links – advanced" tests="2" skipped="0" failures="0" errors="0" timestamp="2025-09-12T07:17:41.405Z" hostname="AURAKAI" time="0.004">
  <properties/>
  <testcase name="images have non-empty alt text()" classname="docs.MarkdownFileValidationAdvancedSupplementalTest$ImagesAndLinksAdvanced" time="0.001"/>
  <testcase name="internal markdown link text is not empty()" classname="docs.MarkdownFileValidationAdvancedSupplementalTest$ImagesAndLinksAdvanced" time="0.001"/>
  <system-out><![CDATA[]]></system-out>
  <system-err><![CDATA[]]></system-err>
</testsuite>
