<?xml version="1.0" encoding="UTF-8"?>
<testsuite name="Table of Contents format and coverage" tests="2" skipped="0" failures="2" errors="0" timestamp="2025-09-12T18:50:08.741Z" hostname="AURAKAI" time="0.008">
  <properties/>
  <testcase name="toc entries are bulleted, unique and at least three()" classname="docs.MarkdownFileValidationExtraTest$TocFormatAndCoverage" time="0.004">
    <failure message="org.opentest4j.AssertionFailedError: Table of Contents section not found ==&gt; expected: &lt;true&gt; but was: &lt;false&gt;" type="org.opentest4j.AssertionFailedError">org.opentest4j.AssertionFailedError: Table of Contents section not found ==&gt; expected: &lt;true&gt; but was: &lt;false&gt;
	at org.junit.jupiter.api.AssertionFailureBuilder.build(AssertionFailureBuilder.java:151)
	at org.junit.jupiter.api.AssertionFailureBuilder.buildAndThrow(AssertionFailureBuilder.java:132)
	at org.junit.jupiter.api.AssertTrue.failNotTrue(AssertTrue.java:63)
	at org.junit.jupiter.api.AssertTrue.assertTrue(AssertTrue.java:36)
	at org.junit.jupiter.api.Assertions.assertTrue(Assertions.java:214)
	at docs.MarkdownFileValidationExtraTest$TocFormatAndCoverage.locateTocBody(MarkdownFileValidationExtraTest.kt:69)
	at docs.MarkdownFileValidationExtraTest$TocFormatAndCoverage.toc entries are bulleted, unique and at least three(MarkdownFileValidationExtraTest.kt:75)
	at java.lang.reflect.Method.invoke(Method.java:498)
	at java.util.ArrayList.forEach(ArrayList.java:1259)
	at java.util.ArrayList.forEach(ArrayList.java:1259)
	at java.util.ArrayList.forEach(ArrayList.java:1259)
</failure>
  </testcase>
  <testcase name="toc includes overview and architecture anchors()" classname="docs.MarkdownFileValidationExtraTest$TocFormatAndCoverage" time="0.004">
    <failure message="org.opentest4j.AssertionFailedError: Table of Contents section not found ==&gt; expected: &lt;true&gt; but was: &lt;false&gt;" type="org.opentest4j.AssertionFailedError">org.opentest4j.AssertionFailedError: Table of Contents section not found ==&gt; expected: &lt;true&gt; but was: &lt;false&gt;
	at org.junit.jupiter.api.AssertionFailureBuilder.build(AssertionFailureBuilder.java:151)
	at org.junit.jupiter.api.AssertionFailureBuilder.buildAndThrow(AssertionFailureBuilder.java:132)
	at org.junit.jupiter.api.AssertTrue.failNotTrue(AssertTrue.java:63)
	at org.junit.jupiter.api.AssertTrue.assertTrue(AssertTrue.java:36)
	at org.junit.jupiter.api.Assertions.assertTrue(Assertions.java:214)
	at docs.MarkdownFileValidationExtraTest$TocFormatAndCoverage.locateTocBody(MarkdownFileValidationExtraTest.kt:69)
	at docs.MarkdownFileValidationExtraTest$TocFormatAndCoverage.toc includes overview and architecture anchors(MarkdownFileValidationExtraTest.kt:94)
	at java.lang.reflect.Method.invoke(Method.java:498)
	at java.util.ArrayList.forEach(ArrayList.java:1259)
	at java.util.ArrayList.forEach(ArrayList.java:1259)
	at java.util.ArrayList.forEach(ArrayList.java:1259)
</failure>
  </testcase>
  <system-out><![CDATA[]]></system-out>
  <system-err><![CDATA[]]></system-err>
</testsuite>
