<?xml version="1.0" encoding="UTF-8"?>
<testsuite name="Code blocks - extra" tests="2" skipped="0" failures="2" errors="0" timestamp="2025-09-12T14:43:10.096Z" hostname="AURAKAI" time="0.026">
  <properties/>
  <testcase name="contains at least one Kotlin or Groovy build script snippet()" classname="docs.MarkdownFileValidationMoreTest$CodeBlocksExtra" time="0.017">
    <failure message="org.opentest4j.AssertionFailedError: Expected build script examples (kotlin/groovy/gradle) ==&gt; expected: &lt;true&gt; but was: &lt;false&gt;" type="org.opentest4j.AssertionFailedError">org.opentest4j.AssertionFailedError: Expected build script examples (kotlin/groovy/gradle) ==&gt; expected: &lt;true&gt; but was: &lt;false&gt;
	at org.junit.jupiter.api.AssertionFailureBuilder.build(AssertionFailureBuilder.java:151)
	at org.junit.jupiter.api.AssertionFailureBuilder.buildAndThrow(AssertionFailureBuilder.java:132)
	at org.junit.jupiter.api.AssertTrue.failNotTrue(AssertTrue.java:63)
	at org.junit.jupiter.api.AssertTrue.assertTrue(AssertTrue.java:36)
	at org.junit.jupiter.api.Assertions.assertTrue(Assertions.java:214)
	at docs.MarkdownFileValidationMoreTest$CodeBlocksExtra.contains at least one Kotlin or Groovy build script snippet(MarkdownFileValidationMoreTest.kt:189)
	at java.lang.reflect.Method.invoke(Method.java:498)
	at java.util.ArrayList.forEach(ArrayList.java:1259)
	at java.util.ArrayList.forEach(ArrayList.java:1259)
	at java.util.ArrayList.forEach(ArrayList.java:1259)
</failure>
  </testcase>
  <testcase name="unlabeled fenced code blocks are not used()" classname="docs.MarkdownFileValidationMoreTest$CodeBlocksExtra" time="0.009">
    <failure message="org.opentest4j.AssertionFailedError: Avoid unlabeled triple backtick fences; specify a language ==&gt; expected: &lt;0&gt; but was: &lt;22&gt;" type="org.opentest4j.AssertionFailedError">org.opentest4j.AssertionFailedError: Avoid unlabeled triple backtick fences; specify a language ==&gt; expected: &lt;0&gt; but was: &lt;22&gt;
	at org.junit.jupiter.api.AssertionFailureBuilder.build(AssertionFailureBuilder.java:151)
	at org.junit.jupiter.api.AssertionFailureBuilder.buildAndThrow(AssertionFailureBuilder.java:132)
	at org.junit.jupiter.api.AssertEquals.failNotEqual(AssertEquals.java:197)
	at org.junit.jupiter.api.AssertEquals.assertEquals(AssertEquals.java:150)
	at org.junit.jupiter.api.Assertions.assertEquals(Assertions.java:563)
	at docs.MarkdownFileValidationMoreTest$CodeBlocksExtra.unlabeled fenced code blocks are not used(MarkdownFileValidationMoreTest.kt:180)
	at java.lang.reflect.Method.invoke(Method.java:498)
	at java.util.ArrayList.forEach(ArrayList.java:1259)
	at java.util.ArrayList.forEach(ArrayList.java:1259)
	at java.util.ArrayList.forEach(ArrayList.java:1259)
</failure>
  </testcase>
  <system-out><![CDATA[]]></system-out>
  <system-err><![CDATA[]]></system-err>
</testsuite>
