<?xml version="1.0" encoding="UTF-8"?>
<testsuite name="Repository conventions – conditional files" tests="5" skipped="0" failures="0" errors="0" timestamp="2025-09-12T13:18:16.071Z" hostname="AURAKAI" time="0.087">
  <properties/>
  <testcase name="contributing file exists when section present()" classname="docs.MarkdownFileValidationAdvancedSupplementalTest$RepoConventions" time="0.002"/>
  <testcase name="changelog file exists when section present()" classname="docs.MarkdownFileValidationAdvancedSupplementalTest$RepoConventions" time="0.009"/>
  <testcase name="code of conduct file exists when section present()" classname="docs.MarkdownFileValidationAdvancedSupplementalTest$RepoConventions" time="0.002"/>
  <testcase name="security policy file exists when section present()" classname="docs.MarkdownFileValidationAdvancedSupplementalTest$RepoConventions" time="0.005"/>
  <testcase name="github actions badge implies workflow directory exists()" classname="docs.MarkdownFileValidationAdvancedSupplementalTest$RepoConventions" time="0.068"/>
  <system-out><![CDATA[]]></system-out>
  <system-err><![CDATA[]]></system-err>
</testsuite>
