<?xml version="1.0" encoding="UTF-8"?>
<testsuite name="Build tooling and licensing – advanced" tests="2" skipped="0" failures="0" errors="0" timestamp="2025-09-12T07:27:48.821Z" hostname="AURAKAI" time="0.005">
  <properties/>
  <testcase name="gpl license badge matches LICENSE content()" classname="docs.MarkdownFileValidationAdvancedSupplementalTest$BuildAndLicenseAdvanced" time="0.004"/>
  <testcase name="mit license badge matches LICENSE content()" classname="docs.MarkdownFileValidationAdvancedSupplementalTest$BuildAndLicenseAdvanced" time="0.0"/>
  <system-out><![CDATA[]]></system-out>
  <system-err><![CDATA[]]></system-err>
</testsuite>
