<?xml version="1.0" encoding="UTF-8"?>
<testsuite name="Table of Contents – edge cases" tests="3" skipped="0" failures="0" errors="0" timestamp="2025-09-12T13:18:16.530Z" hostname="AURAKAI" time="0.004">
  <properties/>
  <testcase name="slug normalization strips diacritics and ampersands()" classname="docs.MarkdownFileValidationAdvancedTest$TableOfContentsEdgeCases" time="0.002"/>
  <testcase name="slug normalization handles em-dashes and emojis()" classname="docs.MarkdownFileValidationAdvancedTest$TableOfContentsEdgeCases" time="0.001"/>
  <testcase name="slug normalization retains numbers and collapses dots()" classname="docs.MarkdownFileValidationAdvancedTest$TableOfContentsEdgeCases" time="0.001"/>
  <system-out><![CDATA[]]></system-out>
  <system-err><![CDATA[]]></system-err>
</testsuite>
