<?xml version="1.0" encoding="UTF-8"?>
<testsuite name="Licensing badges – extended" tests="3" skipped="0" failures="0" errors="0" timestamp="2025-09-12T14:43:09.947Z" hostname="AURAKAI" time="0.001">
  <properties/>
  <testcase name="gplv3 badge matches LICENSE content()" classname="docs.MarkdownFileValidationAdvancedTest$LicensingBadgesExtended" time="0.0"/>
  <testcase name="mpl-2 badge matches LICENSE content()" classname="docs.MarkdownFileValidationAdvancedTest$LicensingBadgesExtended" time="0.001"/>
  <testcase name="bsd-3-clause badge matches LICENSE content()" classname="docs.MarkdownFileValidationAdvancedTest$LicensingBadgesExtended" time="0.0"/>
  <system-out><![CDATA[]]></system-out>
  <system-err><![CDATA[]]></system-err>
</testsuite>
