<?xml version="1.0" encoding="UTF-8"?>
<testsuite name="Table of Contents – advanced" tests="2" skipped="0" failures="0" errors="0" timestamp="2025-09-12T14:43:09.853Z" hostname="AURAKAI" time="0.006">
  <properties/>
  <testcase name="toc anchors are derived from entry labels()" classname="docs.MarkdownFileValidationAdvancedSupplementalTest$TableOfContentsAdvanced" time="0.003"/>
  <testcase name="toc anchors are unique and follow header order()" classname="docs.MarkdownFileValidationAdvancedSupplementalTest$TableOfContentsAdvanced" time="0.003"/>
  <system-out><![CDATA[]]></system-out>
  <system-err><![CDATA[]]></system-err>
</testsuite>
