<?xml version="1.0" encoding="UTF-8"?>
<testsuite name="Optional artifacts presence (conditional)" tests="8" skipped="0" failures="2" errors="0" timestamp="2025-09-12T14:35:33.789Z" hostname="AURAKAI" time="0.027">
  <properties/>
  <testcase name="contributing guide exists when referenced()" classname="docs.MarkdownFileValidationTest$DocumentationLinks$OptionalArtifactsPresence" time="0.002">
    <failure message="org.opentest4j.AssertionFailedError: README references contributing but no CONTRIBUTING.md found in: [CONTRIBUTING.md, docs/CONTRIBUTING.md] ==&gt; expected: &lt;true&gt; but was: &lt;false&gt;" type="org.opentest4j.AssertionFailedError">org.opentest4j.AssertionFailedError: README references contributing but no CONTRIBUTING.md found in: [CONTRIBUTING.md, docs/CONTRIBUTING.md] ==&gt; expected: &lt;true&gt; but was: &lt;false&gt;
	at org.junit.jupiter.api.AssertionFailureBuilder.build(AssertionFailureBuilder.java:151)
	at org.junit.jupiter.api.AssertionFailureBuilder.buildAndThrow(AssertionFailureBuilder.java:132)
	at org.junit.jupiter.api.AssertTrue.failNotTrue(AssertTrue.java:63)
	at org.junit.jupiter.api.AssertTrue.assertTrue(AssertTrue.java:36)
	at org.junit.jupiter.api.Assertions.assertTrue(Assertions.java:214)
	at docs.MarkdownFileValidationTest$DocumentationLinks$OptionalArtifactsPresence.contributing guide exists when referenced(MarkdownFileValidationTest.kt:701)
	at java.lang.reflect.Method.invoke(Method.java:498)
	at java.util.ArrayList.forEach(ArrayList.java:1259)
	at java.util.ArrayList.forEach(ArrayList.java:1259)
	at java.util.ArrayList.forEach(ArrayList.java:1259)
	at java.util.ArrayList.forEach(ArrayList.java:1259)
</failure>
  </testcase>
  <testcase name="security policy exists when referenced()" classname="docs.MarkdownFileValidationTest$DocumentationLinks$OptionalArtifactsPresence" time="0.004"/>
  <testcase name="gradle wrapper exists when README uses gradlew()" classname="docs.MarkdownFileValidationTest$DocumentationLinks$OptionalArtifactsPresence" time="0.001"/>
  <testcase name="docker artifacts exist when README mentions Docker()" classname="docs.MarkdownFileValidationTest$DocumentationLinks$OptionalArtifactsPresence" time="0.002"/>
  <testcase name="roadmap exists when referenced()" classname="docs.MarkdownFileValidationTest$DocumentationLinks$OptionalArtifactsPresence" time="0.002">
    <failure message="org.opentest4j.AssertionFailedError: README references a roadmap but none found: [ROADMAP.md, docs/ROADMAP.md] ==&gt; expected: &lt;true&gt; but was: &lt;false&gt;" type="org.opentest4j.AssertionFailedError">org.opentest4j.AssertionFailedError: README references a roadmap but none found: [ROADMAP.md, docs/ROADMAP.md] ==&gt; expected: &lt;true&gt; but was: &lt;false&gt;
	at org.junit.jupiter.api.AssertionFailureBuilder.build(AssertionFailureBuilder.java:151)
	at org.junit.jupiter.api.AssertionFailureBuilder.buildAndThrow(AssertionFailureBuilder.java:132)
	at org.junit.jupiter.api.AssertTrue.failNotTrue(AssertTrue.java:63)
	at org.junit.jupiter.api.AssertTrue.assertTrue(AssertTrue.java:36)
	at org.junit.jupiter.api.Assertions.assertTrue(Assertions.java:214)
	at docs.MarkdownFileValidationTest$DocumentationLinks$OptionalArtifactsPresence.roadmap exists when referenced(MarkdownFileValidationTest.kt:757)
	at java.lang.reflect.Method.invoke(Method.java:498)
	at java.util.ArrayList.forEach(ArrayList.java:1259)
	at java.util.ArrayList.forEach(ArrayList.java:1259)
	at java.util.ArrayList.forEach(ArrayList.java:1259)
	at java.util.ArrayList.forEach(ArrayList.java:1259)
</failure>
  </testcase>
  <testcase name="changelog exists when referenced()" classname="docs.MarkdownFileValidationTest$DocumentationLinks$OptionalArtifactsPresence" time="0.001"/>
  <testcase name="environment example exists when referenced()" classname="docs.MarkdownFileValidationTest$DocumentationLinks$OptionalArtifactsPresence" time="0.008"/>
  <testcase name="code of conduct exists when referenced()" classname="docs.MarkdownFileValidationTest$DocumentationLinks$OptionalArtifactsPresence" time="0.006"/>
  <system-out><![CDATA[]]></system-out>
  <system-err><![CDATA[]]></system-err>
</testsuite>
