<?xml version="1.0" encoding="UTF-8"?>
<testsuite name="Links – relative targets and footnotes" tests="2" skipped="0" failures="0" errors="0" timestamp="2025-09-12T18:50:08.408Z" hostname="AURAKAI" time="0.009">
  <properties/>
  <testcase name="footnote references and definitions are consistent()" classname="docs.MarkdownFileValidationAdvancedSupplementalEdgeCasesTest$LinksRelativeAndFootnotes" time="0.006"/>
  <testcase name="relative links point to existing files()" classname="docs.MarkdownFileValidationAdvancedSupplementalEdgeCasesTest$LinksRelativeAndFootnotes" time="0.002"/>
  <system-out><![CDATA[]]></system-out>
  <system-err><![CDATA[]]></system-err>
</testsuite>
