<?xml version="1.0" encoding="UTF-8"?>
<testsuite name="Table of Contents â€“ advanced checks" tests="3" skipped="0" failures="2" errors="0" timestamp="2025-09-12T07:17:41.566Z" hostname="AURAKAI" time="0.005">
  <properties/>
  <testcase name="toc order matches the document section order()" classname="docs.MarkdownFileValidationAdvancedTest$TableOfContentsAdvanced" time="0.002">
    <failure message="org.opentest4j.AssertionFailedError: Table of Contents section not found ==&gt; expected: &lt;true&gt; but was: &lt;false&gt;" type="org.opentest4j.AssertionFailedError">org.opentest4j.AssertionFailedError: Table of Contents section not found ==&gt; expected: &lt;true&gt; but was: &lt;false&gt;
	at org.junit.jupiter.api.AssertionFailureBuilder.build(AssertionFailureBuilder.java:151)
	at org.junit.jupiter.api.AssertionFailureBuilder.buildAndThrow(AssertionFailureBuilder.java:132)
	at org.junit.jupiter.api.AssertTrue.failNotTrue(AssertTrue.java:63)
	at org.junit.jupiter.api.AssertTrue.assertTrue(AssertTrue.java:36)
	at org.junit.jupiter.api.Assertions.assertTrue(Assertions.java:214)
	at docs.MarkdownFileValidationAdvancedTest$TableOfContentsAdvanced.extractTocAnchors(MarkdownFileValidationAdvancedTest.kt:215)
	at docs.MarkdownFileValidationAdvancedTest$TableOfContentsAdvanced.toc order matches the document section order(MarkdownFileValidationAdvancedTest.kt:231)
	at java.lang.reflect.Method.invoke(Method.java:498)
	at java.util.ArrayList.forEach(ArrayList.java:1259)
	at java.util.ArrayList.forEach(ArrayList.java:1259)
	at java.util.ArrayList.forEach(ArrayList.java:1259)
</failure>
  </testcase>
  <testcase name="toc anchors are unique()" classname="docs.MarkdownFileValidationAdvancedTest$TableOfContentsAdvanced" time="0.003">
    <failure message="org.opentest4j.AssertionFailedError: Table of Contents section not found ==&gt; expected: &lt;true&gt; but was: &lt;false&gt;" type="org.opentest4j.AssertionFailedError">org.opentest4j.AssertionFailedError: Table of Contents section not found ==&gt; expected: &lt;true&gt; but was: &lt;false&gt;
	at org.junit.jupiter.api.AssertionFailureBuilder.build(AssertionFailureBuilder.java:151)
	at org.junit.jupiter.api.AssertionFailureBuilder.buildAndThrow(AssertionFailureBuilder.java:132)
	at org.junit.jupiter.api.AssertTrue.failNotTrue(AssertTrue.java:63)
	at org.junit.jupiter.api.AssertTrue.assertTrue(AssertTrue.java:36)
	at org.junit.jupiter.api.Assertions.assertTrue(Assertions.java:214)
	at docs.MarkdownFileValidationAdvancedTest$TableOfContentsAdvanced.extractTocAnchors(MarkdownFileValidationAdvancedTest.kt:215)
	at docs.MarkdownFileValidationAdvancedTest$TableOfContentsAdvanced.toc anchors are unique(MarkdownFileValidationAdvancedTest.kt:224)
	at java.lang.reflect.Method.invoke(Method.java:498)
	at java.util.ArrayList.forEach(ArrayList.java:1259)
	at java.util.ArrayList.forEach(ArrayList.java:1259)
	at java.util.ArrayList.forEach(ArrayList.java:1259)
</failure>
  </testcase>
  <testcase name="slug normalization handles emoji, punctuation, and spacing()" classname="docs.MarkdownFileValidationAdvancedTest$TableOfContentsAdvanced" time="0.0"/>
  <system-out><![CDATA[]]></system-out>
  <system-err><![CDATA[]]></system-err>
</testsuite>
