<?xml version="1.0" encoding="UTF-8"?>
<testsuite name="Repository conventions – conditional files" tests="5" skipped="0" failures="0" errors="0" timestamp="2025-09-12T14:43:09.792Z" hostname="AURAKAI" time="0.041">
  <properties/>
  <testcase name="contributing file exists when section present()" classname="docs.MarkdownFileValidationAdvancedSupplementalTest$RepoConventions" time="0.002"/>
  <testcase name="changelog file exists when section present()" classname="docs.MarkdownFileValidationAdvancedSupplementalTest$RepoConventions" time="0.004"/>
  <testcase name="code of conduct file exists when section present()" classname="docs.MarkdownFileValidationAdvancedSupplementalTest$RepoConventions" time="0.003"/>
  <testcase name="security policy file exists when section present()" classname="docs.MarkdownFileValidationAdvancedSupplementalTest$RepoConventions" time="0.003"/>
  <testcase name="github actions badge implies workflow directory exists()" classname="docs.MarkdownFileValidationAdvancedSupplementalTest$RepoConventions" time="0.029"/>
  <system-out><![CDATA[]]></system-out>
  <system-err><![CDATA[]]></system-err>
</testsuite>
