<?xml version="1.0" encoding="UTF-8"?>
<testsuite name="Architecture and versions table" tests="2" skipped="0" failures="2" errors="0" timestamp="2025-09-12T07:27:49.226Z" hostname="AURAKAI" time="0.003">
  <properties/>
  <testcase name="versions appear in semver-like or rc alpha formats()" classname="docs.MarkdownFileValidationTest$ArchitectureAndVersions" time="0.002">
    <failure message="org.opentest4j.AssertionFailedError: Expected multiple version-like strings; found 5 ==&gt; expected: &lt;true&gt; but was: &lt;false&gt;" type="org.opentest4j.AssertionFailedError">org.opentest4j.AssertionFailedError: Expected multiple version-like strings; found 5 ==&gt; expected: &lt;true&gt; but was: &lt;false&gt;
	at org.junit.jupiter.api.AssertionFailureBuilder.build(AssertionFailureBuilder.java:151)
	at org.junit.jupiter.api.AssertionFailureBuilder.buildAndThrow(AssertionFailureBuilder.java:132)
	at org.junit.jupiter.api.AssertTrue.failNotTrue(AssertTrue.java:63)
	at org.junit.jupiter.api.AssertTrue.assertTrue(AssertTrue.java:36)
	at org.junit.jupiter.api.Assertions.assertTrue(Assertions.java:214)
	at docs.MarkdownFileValidationTest$ArchitectureAndVersions.versions appear in semver-like or rc alpha formats(MarkdownFileValidationTest.kt:193)
	at java.lang.reflect.Method.invoke(Method.java:498)
	at java.util.ArrayList.forEach(ArrayList.java:1259)
	at java.util.ArrayList.forEach(ArrayList.java:1259)
	at java.util.ArrayList.forEach(ArrayList.java:1259)
</failure>
  </testcase>
  <testcase name="contains technology stack table with expected key components()" classname="docs.MarkdownFileValidationTest$ArchitectureAndVersions" time="0.001">
    <failure message="org.opentest4j.AssertionFailedError: Missing expected components in technology stack table: [Android Gradle Plugin, Kotlin, KSP, Java Toolchain, Compose BOM, Hilt] ==&gt; expected: &lt;true&gt; but was: &lt;false&gt;" type="org.opentest4j.AssertionFailedError">org.opentest4j.AssertionFailedError: Missing expected components in technology stack table: [Android Gradle Plugin, Kotlin, KSP, Java Toolchain, Compose BOM, Hilt] ==&gt; expected: &lt;true&gt; but was: &lt;false&gt;
	at org.junit.jupiter.api.AssertionFailureBuilder.build(AssertionFailureBuilder.java:151)
	at org.junit.jupiter.api.AssertionFailureBuilder.buildAndThrow(AssertionFailureBuilder.java:132)
	at org.junit.jupiter.api.AssertTrue.failNotTrue(AssertTrue.java:63)
	at org.junit.jupiter.api.AssertTrue.assertTrue(AssertTrue.java:36)
	at org.junit.jupiter.api.Assertions.assertTrue(Assertions.java:214)
	at docs.MarkdownFileValidationTest$ArchitectureAndVersions.contains technology stack table with expected key components(MarkdownFileValidationTest.kt:180)
	at java.lang.reflect.Method.invoke(Method.java:498)
	at java.util.ArrayList.forEach(ArrayList.java:1259)
	at java.util.ArrayList.forEach(ArrayList.java:1259)
	at java.util.ArrayList.forEach(ArrayList.java:1259)
</failure>
  </testcase>
  <system-out><![CDATA[]]></system-out>
  <system-err><![CDATA[]]></system-err>
</testsuite>
