<?xml version="1.0" encoding="UTF-8"?>
<testsuite name="Table of Contents â€“ supplemental checks" tests="2" skipped="0" failures="2" errors="0" timestamp="2025-09-12T13:18:16.210Z" hostname="AURAKAI" time="0.017">
  <properties/>
  <testcase name="toc anchors resolve to existing headers()" classname="docs.MarkdownFileValidationAdvancedSupplementalTest$TableOfContentsSupplemental" time="0.01">
    <failure message="org.opentest4j.AssertionFailedError: Table of Contents section not found ==&gt; expected: &lt;true&gt; but was: &lt;false&gt;" type="org.opentest4j.AssertionFailedError">org.opentest4j.AssertionFailedError: Table of Contents section not found ==&gt; expected: &lt;true&gt; but was: &lt;false&gt;
	at org.junit.jupiter.api.AssertionFailureBuilder.build(AssertionFailureBuilder.java:151)
	at org.junit.jupiter.api.AssertionFailureBuilder.buildAndThrow(AssertionFailureBuilder.java:132)
	at org.junit.jupiter.api.AssertTrue.failNotTrue(AssertTrue.java:63)
	at org.junit.jupiter.api.AssertTrue.assertTrue(AssertTrue.java:36)
	at org.junit.jupiter.api.Assertions.assertTrue(Assertions.java:214)
	at docs.MarkdownFileValidationAdvancedSupplementalTest$TableOfContentsSupplemental.extractTocAnchors(MarkdownFileValidationAdvancedSupplementalTest.kt:70)
	at docs.MarkdownFileValidationAdvancedSupplementalTest$TableOfContentsSupplemental.toc anchors resolve to existing headers(MarkdownFileValidationAdvancedSupplementalTest.kt:79)
	at java.lang.reflect.Method.invoke(Method.java:498)
	at java.util.ArrayList.forEach(ArrayList.java:1259)
	at java.util.ArrayList.forEach(ArrayList.java:1259)
	at java.util.ArrayList.forEach(ArrayList.java:1259)
</failure>
  </testcase>
  <testcase name="slug normalization additional cases()" classname="docs.MarkdownFileValidationAdvancedSupplementalTest$TableOfContentsSupplemental" time="0.006">
    <failure message="org.opentest4j.AssertionFailedError: expected: &lt;cafe&gt; but was: &lt;caf&gt;" type="org.opentest4j.AssertionFailedError">org.opentest4j.AssertionFailedError: expected: &lt;cafe&gt; but was: &lt;caf&gt;
	at org.junit.jupiter.api.AssertionFailureBuilder.build(AssertionFailureBuilder.java:151)
	at org.junit.jupiter.api.AssertionFailureBuilder.buildAndThrow(AssertionFailureBuilder.java:132)
	at org.junit.jupiter.api.AssertEquals.failNotEqual(AssertEquals.java:197)
	at org.junit.jupiter.api.AssertEquals.assertEquals(AssertEquals.java:182)
	at org.junit.jupiter.api.AssertEquals.assertEquals(AssertEquals.java:177)
	at org.junit.jupiter.api.Assertions.assertEquals(Assertions.java:1145)
	at docs.MarkdownFileValidationAdvancedSupplementalTest$TableOfContentsSupplemental.slug normalization additional cases(MarkdownFileValidationAdvancedSupplementalTest.kt:91)
	at java.lang.reflect.Method.invoke(Method.java:498)
	at java.util.ArrayList.forEach(ArrayList.java:1259)
	at java.util.ArrayList.forEach(ArrayList.java:1259)
	at java.util.ArrayList.forEach(ArrayList.java:1259)
</failure>
  </testcase>
  <system-out><![CDATA[]]></system-out>
  <system-err><![CDATA[]]></system-err>
</testsuite>
