<?xml version="1.0" encoding="UTF-8"?>
<testsuite name="Badges and licensing – additional families" tests="1" skipped="0" failures="0" errors="0" timestamp="2025-09-12T14:35:33.071Z" hostname="AURAKAI" time="0.035">
  <properties/>
  <testcase name="bsd-3-clause license badge matches LICENSE content()" classname="docs.MarkdownFileValidationAdvancedSupplementalEdgeCasesTest$BadgesAndLicensingExtra" time="0.035"/>
  <system-out><![CDATA[]]></system-out>
  <system-err><![CDATA[]]></system-err>
</testsuite>
