<?xml version="1.0" encoding="UTF-8"?>
<testsuite name="Build tooling and licensing – supplemental" tests="2" skipped="0" failures="0" errors="0" timestamp="2025-09-12T14:35:33.226Z" hostname="AURAKAI" time="0.006">
  <properties/>
  <testcase name="license file exists when License section present()" classname="docs.MarkdownFileValidationAdvancedSupplementalTest$BuildAndLicenseSupplemental" time="0.004"/>
  <testcase name="apache 2 license badge matches LICENSE content()" classname="docs.MarkdownFileValidationAdvancedSupplementalTest$BuildAndLicenseSupplemental" time="0.001"/>
  <system-out><![CDATA[]]></system-out>
  <system-err><![CDATA[]]></system-err>
</testsuite>
